<?xml version="1.0" encoding="UTF-8" ?>
<testsuite tests="7" failures="2" name="TestSuite" time="67.812" errors="0" skipped="0">
  <properties>
[...]
</properties>
  <testcase classname="com.course.cases.LoginTest" name="loginTrue" time="1.41"/>
  <testcase classname="com.course.cases.LoginTest" name="loginFalse" time="0.048"/>
  <testcase classname="com.course.cases.AddUserTest" name="addUser" time="10.057">
    <failure type="java.lang.NullPointerException">java.lang.NullPointerException
	at com.course.cases.AddUserTest.addUser(AddUserTest.java:34)
</failure>
    <system-out>AddUserCase(userName=zhao9, password=zhaozhao, sex=0, age=35, permission=1, isDelete=0, expected=true)http://localhost:8888/v1/addUser
true
</system-out>
  </testcase>
  <testcase classname="com.course.cases.GetUserInfoTest" name="getUserInfo" time="0.075"/>
  <testcase classname="com.course.cases.UpdateUserInfoTest" name="updateUserInfo" time="25.069"/>
  <testcase classname="com.course.cases.UpdateUserInfoTest" name="deleteUser" time="30.046">
    <failure message="expected object to not be null" type="java.lang.AssertionError">java.lang.AssertionError: expected object to not be null
	at org.testng.Assert.fail(Assert.java:94)
	at org.testng.Assert.assertNotNull(Assert.java:423)
	at org.testng.Assert.assertNotNull(Assert.java:408)
	at com.course.cases.UpdateUserInfoTest.deleteUser(UpdateUserInfoTest.java:49)
</failure>
    <system-out>UpdateUserInfoCase(id=2, userId=8, userName=null, sex=null, age=null, permission=null, isDelete=1, expected=getUpdateUserInfo)
http://localhost:8888/v1/updateUserInfo
</system-out>
  </testcase>
  <testcase classname="com.course.cases.GetUserInfoListTest" name="getUserListInfo" time="0.051"/>
</testsuite>